<?xml version="1.0" encoding="UTF-8"?>
<!-- Generated by org.testng.reporters.JUnitReportReporter -->
<testsuite hostname="DESKTOP-KFCGKBL" failures="0" tests="4" name="Proirity.Demo1" time="0.014" errors="0" timestamp="03 Oct 2021 08:20:02 GMT" skipped="0">
  <testcase classname="Proirity.Demo1" name="two" time="0.001"/>
  <testcase classname="Proirity.Demo1" name="one" time="0.011"/>
  <testcase classname="Proirity.Demo1" name="four" time="0.001"/>
  <testcase classname="Proirity.Demo1" name="three" time="0.001"/>
</testsuite> <!-- Proirity.Demo1 -->
