<?xml version="1.0" encoding="UTF-8"?>
<!-- Generated by org.testng.reporters.JUnitReportReporter -->
<testsuite hostname="DESKTOP-KFCGKBL" failures="0" tests="4" name="Grouping.MetaGroups" time="0.015" errors="0" timestamp="04 Oct 2021 17:11:00 GMT" skipped="0">
  <testcase classname="Grouping.MetaGroups" name="test3" time="0.001"/>
  <testcase classname="Grouping.MetaGroups" name="test2" time="0.002"/>
  <testcase classname="Grouping.MetaGroups" name="test4" time="0.003"/>
  <testcase classname="Grouping.MetaGroups" name="test1" time="0.009"/>
</testsuite> <!-- Grouping.MetaGroups -->
