<?xml version="1.0" encoding="UTF-8"?>
<!-- Generated by org.testng.reporters.JUnitReportReporter -->
<testsuite hostname="DESKTOP-KFCGKBL" failures="0" tests="1" name="IgnoreTests.Demo" time="0.007" errors="0" timestamp="2021-10-18T01:54:30 IST" skipped="0">
  <testcase classname="IgnoreTests.Demo" name="add" time="0.007"/>
  <system-out/>
</testsuite> <!-- IgnoreTests.Demo -->
