<?xml version="1.0" encoding="UTF-8"?>
<!-- Generated by org.testng.reporters.JUnitReportReporter -->
<testsuite hostname="DESKTOP-KFCGKBL" failures="0" tests="5" name="Proirity.Demo3" time="0.014" errors="0" timestamp="2021-10-14T11:33:32 IST" skipped="0">
  <testcase classname="Proirity.Demo3" name="add3" time="0.006"/>
  <system-out/>
  <testcase classname="Proirity.Demo3" name="add4" time="0.001"/>
  <system-out/>
  <testcase classname="Proirity.Demo3" name="add1" time="0.002"/>
  <system-out/>
  <testcase classname="Proirity.Demo3" name="add" time="0.003"/>
  <system-out/>
  <testcase classname="Proirity.Demo3" name="add2" time="0.002"/>
  <system-out/>
</testsuite> <!-- Proirity.Demo3 -->
