<?xml version="1.0" encoding="UTF-8"?>
<!-- Generated by org.testng.reporters.JUnitReportReporter -->
<testsuite hostname="DESKTOP-KFCGKBL" failures="0" tests="3" name="Grouping.Groups_Demo" time="0.012" errors="0" timestamp="2021-10-18T01:53:19 IST" skipped="0">
  <testcase classname="Grouping.Groups_Demo" name="test1" time="0.009"/>
  <system-out/>
  <testcase classname="Grouping.Groups_Demo" name="test2" time="0.001"/>
  <system-out/>
  <testcase classname="Grouping.Groups_Demo" name="test4" time="0.002"/>
  <system-out/>
</testsuite> <!-- Grouping.Groups_Demo -->
