<?xml version="1.0" encoding="UTF-8"?>
<!-- Generated by org.testng.reporters.JUnitReportReporter -->
<testsuite hostname="DESKTOP-KFCGKBL" failures="0" tests="3" name="DependsOnMethods.Demo" time="0.011" errors="0" timestamp="2021-10-18T01:52:02 IST" skipped="0">
  <testcase classname="DependsOnMethods.Demo" name="test3" time="0.004"/>
  <system-out/>
  <testcase classname="DependsOnMethods.Demo" name="test2" time="0.006"/>
  <system-out/>
  <testcase classname="DependsOnMethods.Demo" name="test1" time="0.001"/>
  <system-out/>
</testsuite> <!-- DependsOnMethods.Demo -->
