<?xml version="1.0" encoding="UTF-8"?>
<!-- Generated by org.testng.reporters.JUnitReportReporter -->
<testsuite hostname="DESKTOP-KFCGKBL" failures="0" tests="4" name="Proirity.Demo2" time="0.016" errors="0" timestamp="03 Oct 2021 08:21:39 GMT" skipped="0">
  <testcase classname="Proirity.Demo2" name="four" time="0.010"/>
  <testcase classname="Proirity.Demo2" name="one" time="0.002"/>
  <testcase classname="Proirity.Demo2" name="two" time="0.001"/>
  <testcase classname="Proirity.Demo2" name="three" time="0.003"/>
</testsuite> <!-- Proirity.Demo2 -->
