<?xml version="1.0" encoding="UTF-8"?>
<!-- Generated by org.testng.reporters.JUnitReportReporter -->
<testsuite hostname="DESKTOP-KFCGKBL" failures="0" tests="1" name="Parameters.Demo" time="0.007" errors="0" timestamp="2021-12-22T19:04:16 IST" skipped="0">
  <testcase classname="Parameters.Demo" name="test" time="0.007"/>
  <system-out/>
</testsuite> <!-- Parameters.Demo -->
